note: Running TeX ...
note: downloading SHA256SUM
note: downloading FandolSong-Regular.otf
note: downloading FandolSong-Bold.otf
note: downloading FandolKai-Regular.otf
note: downloading ctex.cfg
note: downloading graphicx.sty
note: downloading keyval.sty
note: downloading graphics.sty
note: downloading trig.sty
note: downloading graphics.cfg
note: downloading xetex.def
note: downloading geometry.sty
note: downloading ifvtex.sty
note: downloading iftex.sty
note: downloading listings.sty
note: downloading lstmisc.sty
note: downloading listings.cfg
note: downloading xeCJK-listings.sty
note: downloading xcolor.sty
note: downloading color.cfg
note: downloading float.sty
note: downloading ltxcmds.sty
note: downloading pdftexcmds.sty
note: downloading infwarerr.sty
note: downloading kvsetkeys.sty
note: downloading kvdefinekeys.sty
note: downloading pdfescape.sty
note: downloading hycolor.sty
note: downloading letltxmacro.sty
note: downloading auxhook.sty
note: downloading kvoptions.sty
note: downloading pd1enc.def
note: downloading intcalc.sty
note: downloading etexcmds.sty
note: downloading puenc.def
note: downloading url.sty
note: downloading pzdr.tfm
note: downloading bitset.sty
note: downloading bigintcalc.sty
note: downloading hxetex.def
note: downloading stringenc.sty
note: downloading rerunfilecheck.sty
note: downloading uniquecounter.sty
note: downloading nameref.sty
note: downloading refcount.sty
note: downloading gettitlestring.sty
note: downloading lmroman17-regular.otf
note: downloading lmroman7-regular.otf
note: downloading cmmi12.tfm
note: downloading cmr12.tfm
note: downloading FandolFang-Regular.otf
note: downloading lmmono12-regular.otf
note: downloading lstlang1.sty
note: downloading lmmono10-regular.otf
note: downloading lmmono10-italic.otf
note: downloading lmmonolt10-bold.otf
note: Rerunning TeX because "report.out" changed ...
note: Running xdvipdfmx ...
note: downloading pdftex.map
note: downloading kanjix.map
note: downloading ckx.map
note: downloading texglyphlist.txt
note: downloading pdfglyphlist.txt
note: downloading glyphlist.txt
note: Writing `report.pdf` (658.62 KiB)
note: Skipped writing 2 intermediate files (use --keep-intermediates to keep them)
